Command line:
   SIPO_8to128_isim_beh.exe
     -simmode  gui
     -simrunnum  0
     -socket  63312

Mon Apr 01 23:47:09 2024


 Elaboration Time: 0.015625 sec

 Current Memory Usage: 5154.71 Meg

 Total Signals          : 20
 Total Nets             : 154
 Total Signal Drivers   : 6
 Total Blocks           : 2
 Total Primitive Blocks : 2
 Total Processes        : 8
 Total Traceable Variables  : 23
 Total Scalar Nets and Variables : 462
Total Line Count : 23

 Total Simulation Time: 0.03125 sec

 Current Memory Usage: 4997.43 Meg

Mon Apr 01 23:49:04 2024

