 
****************************************
Report : area
Design : huffman
Version: U-2022.12-SP6
Date   : Sat Mar 23 10:30:03 2024
****************************************

Library(s) Used:

    slow (File: /cad/CBDK/CBDK_IC_Contest_v2.5/SynopsysDC/db/slow.db)

Number of ports:                          651
Number of nets:                          4263
Number of cells:                         3555
Number of combinational cells:           3126
Number of sequential cells:               394
Number of macros/black boxes:               0
Number of buf/inv:                        589
Number of references:                     125

Combinational area:              31255.923519
Buf/Inv area:                     2637.759557
Noncombinational area:           10700.409588
Macro/Black Box area:                0.000000
Net Interconnect area:          479455.749847

Total cell area:                 41956.333107
Total area:                     521412.082954
1
