 
****************************************
Report : area
Design : JAM
Version: U-2022.12-SP6
Date   : Mon Feb  5 10:14:13 2024
****************************************

Library(s) Used:

    slow (File: /cad/CBDK/CBDK_IC_Contest_v2.5/SynopsysDC/db/slow.db)

Number of ports:                           30
Number of nets:                           869
Number of cells:                          769
Number of combinational cells:            628
Number of sequential cells:               141
Number of macros/black boxes:               0
Number of buf/inv:                        135
Number of references:                      74

Combinational area:               5411.311217
Buf/Inv area:                      741.763790
Noncombinational area:            3883.651138
Macro/Black Box area:                0.000000
Net Interconnect area:          108033.882568

Total cell area:                  9294.962355
Total area:                     117328.844923
1
