Time resolution is 1 ps
----------------------
-- Simulation Start --
----------------------
  __________________________________________________________
  == String 1  "abcdijk lmnop q rstuv"
  -- Pattern 1  "1234"
       cycle 65, expect(0,00) , get(0,00) >> Pass
  -- Pattern 2  "abcd"
       cycle 7b, expect(1,00) , get(1,00) >> Pass
  -- Pattern 3  "dijk"
       cycle 9a, expect(1,03) , get(1,03) >> Pass
  -- Pattern 4  "pqrst"
       cycle e7, expect(0,00) , get(0,00) >> Pass
  -- Pattern 5  "pqr.t"
       cycle 134, expect(0,00) , get(0,00) >> Pass
  -- Pattern 6  "c...k"
       cycle 154, expect(1,02) , get(1,02) >> Pass
  -- Pattern 7  "^lmno"
       cycle 183, expect(1,08) , get(1,08) >> Pass
  -- Pattern 8  "rstuv$"
       cycle 1d1, expect(1,10) , get(1,10) >> Pass
  -- Pattern 9  "^rmn"
       cycle 21d, expect(0,00) , get(0,00) >> Pass
  -- Pattern a  "ijk l$"
       cycle 26b, expect(0,00) , get(0,00) >> Pass
  -- Pattern b  "v"
       cycle 2b1, expect(1,14) , get(1,14) >> Pass
  -- Pattern c  "lmnoprst"
       cycle 301, expect(0,00) , get(0,00) >> Pass
  -- Pattern d  "^ijk$"
       cycle 34e, expect(0,00) , get(0,00) >> Pass
  -- Pattern e  "^q$"
       cycle 387, expect(1,0e) , get(1,0e) >> Pass
  __________________________________________________________
  == String 2  "2x1=2 2x2=4 2x3=6"
  -- Pattern 1  "^2.2.2"
       cycle 3e3, expect(0,00) , get(0,00) >> Pass
  -- Pattern 2  "2.2.2"
       cycle 40c, expect(1,04) , get(1,04) >> Pass
  -- Pattern 3  "^2.2.4$"
       cycle 440, expect(1,06) , get(1,06) >> Pass
  -- Pattern 4  "."
       cycle 44a, expect(1,00) , get(1,00) >> Pass
  -- Pattern 5  "^.."
       cycle 459, expect(1,00) , get(1,00) >> Pass
  -- Pattern 6  "^.$"
       cycle 4a1, expect(0,00) , get(0,00) >> Pass
  -- Pattern 7  "2.$"
       cycle 4ef, expect(0,00) , get(0,00) >> Pass
  -- Pattern 8  "2x4=7"
       cycle 530, expect(0,00) , get(0,00) >> Pass
  -- Pattern 9  "3=6-3"
       cycle 571, expect(0,00) , get(0,00) >> Pass
  -- Pattern a  "1.2=2"
       cycle 5b5, expect(0,00) , get(0,00) >> Pass
  -- Pattern b  "2*2=4"
       cycle 5ea, expect(1,00) , get(1,00) >> Pass
  __________________________________________________________
  == String 3  "She sees cheese"
  -- Pattern 1  "ees."
       cycle 61e, expect(1,05) , get(1,05) >> Pass
  -- Pattern 2  "ees.$"
       cycle 65c, expect(1,0b) , get(1,0b) >> Pass
  -- Pattern 3  "e..se"
       cycle 6a0, expect(0,00) , get(0,00) >> Pass
  -- Pattern 4  "e..ee$"
       cycle 6e2, expect(0,00) , get(0,00) >> Pass
  -- Pattern 5  "^ees*"
       cycle 71d, expect(0,00) , get(0,00) >> Pass
  -- Pattern 6  "hee*se"
       cycle 759, expect(1,0a) , get(1,0a) >> Pass
  -- Pattern 7  "he.s"
       cycle 772, expect(1,01) , get(1,01) >> Pass
  -- Pattern 8  "*see$"
       cycle 7b9, expect(0,00) , get(0,00) >> Pass
  -- Pattern 9  "se*ce"
       cycle 7fa, expect(0,00) , get(0,00) >> Pass
  __________________________________________________________
  == String 4  "But she said the butter's bitter"
  -- Pattern 1  "sa*said"
       cycle 890, expect(0,00) , get(0,00) >> Pass
  -- Pattern 2  "b*tter"
       cycle 8e4, expect(1,11) , get(1,11) >> Pass
  -- Pattern 3  "b*tter$"
       cycle 95a, expect(1,11) , get(1,11) >> Pass
  -- Pattern 4  "ut*r"
       cycle 9ac, expect(1,01) , get(1,01) >> Pass
  -- Pattern 5  "ut*tted"
       cycle a28, expect(0,00) , get(0,00) >> Pass
  -- Pattern 6  "^ut*tter"
       cycle a99, expect(0,00) , get(0,00) >> Pass
  -- Pattern 7  "*tered"
       cycle b1d, expect(0,00) , get(0,00) >> Pass
  __________________________________________________________
  == String 5  "He threw three free throws"
  -- Pattern 1  "thr*the$"
       cycle b9f, expect(0,00) , get(0,00) >> Pass
  -- Pattern 2  "^thro*th"
       cycle c01, expect(0,00) , get(0,00) >> Pass
  -- Pattern 3  ".ree th"
       cycle c6b, expect(1,0f) , get(1,0f) >> Pass
  -- Pattern 4  ".ree  fr"
       cycle cf7, expect(0,00) , get(0,00) >> Pass
  -- Pattern 5  ".ree *re"
       cycle d56, expect(1,0a) , get(1,0a) >> Pass
  -- Pattern 6  "re. thr"
       cycle d87, expect(1,05) , get(1,05) >> Pass
  -- Pattern 7  "ee*ee fr"
       cycle dec, expect(0,00) , get(0,00) >> Pass
  -- Pattern 8  "ee*ee th"
       cycle e3f, expect(1,0c) , get(1,0c) >> Pass
  -- Pattern 9  "re*ee.$"
       cycle ea6, expect(0,00) , get(0,00) >> Pass
  -- Pattern a  "^...$"
       cycle f0e, expect(0,00) , get(0,00) >> Pass
  -- Pattern b  "^....$"
       cycle f5c, expect(1,0f) , get(1,0f) >> Pass
----------------------------------
-- Simulation finish, ALL PASS  --
-- cycle =3933 , Score =100       --
----------------------------------
$finish called at time : 78660 ns : File "C:/Users/USER/Desktop/IC_Compete_Sync/108_IC_Contest_Preround/Verilog/SME/SME.srcs/sim_1/imports/2020_grad_cell/tb_term.sv" Line 201
