<<<<<<< HEAD
Running: fuse.exe -relaunch -intstyle "ise" -incremental -lib "unisims_ver" -lib "unimacro_ver" -lib "xilinxcorelib_ver" -lib "secureip" -o "C:/Users/USER/Desktop/IC_Compete_Sync/107_IC_Contest_Preround/Verilog/CONV_ISE/testfixture_isim_beh.exe" -prj "C:/Users/USER/Desktop/IC_Compete_Sync/107_IC_Contest_Preround/Verilog/CONV_ISE/testfixture_beh.prj" "work.testfixture" "work.glbl" 
ISim P.20131013 (signature 0x7708f090)
Number of CPUs detected in this system: 16
Turning on mult-threading, number of parallel sub-compilation jobs: 32 
Determining compilation order of HDL files
Analyzing Verilog file "C:/Users/USER/Desktop/IC_Compete_Sync/107_IC_Contest_Preround/Verilog/CONV_ISE/CONV.v" into library work
Analyzing Verilog file "C:/Users/USER/Desktop/IC_Compete_Sync/107_IC_Contest_Preround/Verilog/CONV_ISE/testfixture.v" into library work
Analyzing Verilog file "C:/Xilinx/14.7/ISE_DS/ISE//verilog/src/glbl.v" into library work
=======
Running: D:\Xilinx\14.7\ISE_DS\ISE\bin\nt64\unwrapped\fuse.exe -intstyle ise -incremental -lib unisims_ver -lib unimacro_ver -lib xilinxcorelib_ver -lib secureip -o C:/Users/fossu/Desktop/IC_contest/107_IC_Contest_Preround/Verilog/CONV_ISE/CONV_isim_beh.exe -prj C:/Users/fossu/Desktop/IC_contest/107_IC_Contest_Preround/Verilog/CONV_ISE/CONV_beh.prj work.CONV work.glbl 
ISim P.20131013 (signature 0x7708f090)
Number of CPUs detected in this system: 12
Turning on mult-threading, number of parallel sub-compilation jobs: 24 
Determining compilation order of HDL files
Analyzing Verilog file "C:/Users/fossu/Desktop/IC_contest/107_IC_Contest_Preround/Verilog/CONV_ISE/CONV.v" into library work
Analyzing Verilog file "D:/Xilinx/14.7/ISE_DS/ISE//verilog/src/glbl.v" into library work
>>>>>>> 7cfc8db0d892962492674a191cb2e8967325a269
Starting static elaboration
Completed static elaboration
Compiling module CONV
Compiling module glbl
Time Resolution for simulation is 1ps.
<<<<<<< HEAD
Compiled 3 Verilog Units
Built simulation executable C:/Users/USER/Desktop/IC_Compete_Sync/107_IC_Contest_Preround/Verilog/CONV_ISE/testfixture_isim_beh.exe
Fuse Memory Usage: 29868 KB
Fuse CPU Usage: 812 ms
=======
Compiled 2 Verilog Units
Built simulation executable C:/Users/fossu/Desktop/IC_contest/107_IC_Contest_Preround/Verilog/CONV_ISE/CONV_isim_beh.exe
Fuse Memory Usage: 29800 KB
Fuse CPU Usage: 233 ms
>>>>>>> 7cfc8db0d892962492674a191cb2e8967325a269
