ISim log file
Running: C:\Users\Theo\Desktop\IC_Contest\107_IC_Contest_Preround\Verilog\CONV_ISE\testfixture_isim_beh.exe -intstyle ise -gui -tclbatch isim.cmd -wdb C:/Users/Theo/Desktop/IC_Contest/107_IC_Contest_Preround/Verilog/CONV_ISE/testfixture_isim_beh.wdb 
ISim P.20131013 (signature 0x7708f090)
WARNING: A WEBPACK license was found.
WARNING: Please use Xilinx License Configuration Manager to check out a full ISim license.
WARNING: ISim will run in Lite mode. Please refer to the ISim documentation for more information on the differences between the Lite and the Full version.
This is a Lite version of ISim.
Time resolution is 1 ps
# onerror resume
# wave add /
# run 1000 ns
Simulator is doing circuit initialization process.
-----------------------------------------------------

START!!! Simulation Start .....

-----------------------------------------------------

Finished circuit initialization process.
ISim P.20131013 (signature 0x7708f090)
WARNING: A WEBPACK license was found.
WARNING: Please use Xilinx License Configuration Manager to check out a full ISim license.
WARNING: ISim will run in Lite mode. Please refer to the ISim documentation for more information on the differences between the Lite and the Full version.
This is a Lite version of ISim.
# run 1000 ns
Simulator is doing circuit initialization process.
-----------------------------------------------------

START!!! Simulation Start .....

-----------------------------------------------------

Finished circuit initialization process.
# run 1.00us
ISim P.20131013 (signature 0x7708f090)
WARNING: A WEBPACK license was found.
WARNING: Please use Xilinx License Configuration Manager to check out a full ISim license.
WARNING: ISim will run in Lite mode. Please refer to the ISim documentation for more information on the differences between the Lite and the Full version.
This is a Lite version of ISim.
# run 1000 ns
Simulator is doing circuit initialization process.
-----------------------------------------------------

START!!! Simulation Start .....

-----------------------------------------------------

Finished circuit initialization process.
WARNING: File ../cnn_sti.dat referenced on C:/Users/Theo/Desktop/IC_Contest/107_IC_Contest_Preround/Verilog/CONV_ISE/testfixture.v at line 95 cannot be opened for reading. Please ensure that this file is available in the current working directory.WARNING: File ../cnn_layer0_exp0.dat referenced on C:/Users/Theo/Desktop/IC_Contest/107_IC_Contest_Preround/Verilog/CONV_ISE/testfixture.v at line 96 cannot be opened for reading. Please ensure that this file is available in the current working directory.WARNING: File ../cnn_layer0_exp1.dat referenced on C:/Users/Theo/Desktop/IC_Contest/107_IC_Contest_Preround/Verilog/CONV_ISE/testfixture.v at line 97 cannot be opened for reading. Please ensure that this file is available in the current working directory.WARNING: File ../cnn_layer1_exp0.dat referenced on C:/Users/Theo/Desktop/IC_Contest/107_IC_Contest_Preround/Verilog/CONV_ISE/testfixture.v at line 98 cannot be opened for reading. Please ensure that this file is available in the current working directory.WARNING: File ../cnn_layer1_exp1.dat referenced on C:/Users/Theo/Desktop/IC_Contest/107_IC_Contest_Preround/Verilog/CONV_ISE/testfixture.v at line 99 cannot be opened for reading. Please ensure that this file is available in the current working directory.WARNING: File ../cnn_layer2_exp.dat referenced on C:/Users/Theo/Desktop/IC_Contest/107_IC_Contest_Preround/Verilog/CONV_ISE/testfixture.v at line 100 cannot be opened for reading. Please ensure that this file is available in the current working directory.# run 1.00us
ISim P.20131013 (signature 0x7708f090)
WARNING: A WEBPACK license was found.
WARNING: Please use Xilinx License Configuration Manager to check out a full ISim license.
WARNING: ISim will run in Lite mode. Please refer to the ISim documentation for more information on the differences between the Lite and the Full version.
This is a Lite version of ISim.
# run 1000 ns
Simulator is doing circuit initialization process.
-----------------------------------------------------

START!!! Simulation Start .....

-----------------------------------------------------

Finished circuit initialization process.
# run 1.00us
ISim P.20131013 (signature 0x7708f090)
WARNING: A WEBPACK license was found.
WARNING: Please use Xilinx License Configuration Manager to check out a full ISim license.
WARNING: ISim will run in Lite mode. Please refer to the ISim documentation for more information on the differences between the Lite and the Full version.
This is a Lite version of ISim.
# run 1000 ns
Simulator is doing circuit initialization process.
-----------------------------------------------------

START!!! Simulation Start .....

-----------------------------------------------------

Finished circuit initialization process.
# run 1.00us
# run 1.00us
# run 1.00us
# run 1.00us
# run 1.00us
# run all
Stopped at time : 38617575 ns : File "C:/Users/Theo/Desktop/IC_Contest/107_IC_Contest_Preround/Verilog/CONV_ISE/CONV.v" Line 143
ISim P.20131013 (signature 0x7708f090)
WARNING: A WEBPACK license was found.
WARNING: Please use Xilinx License Configuration Manager to check out a full ISim license.
WARNING: ISim will run in Lite mode. Please refer to the ISim documentation for more information on the differences between the Lite and the Full version.
This is a Lite version of ISim.
# run 1000 ns
Simulator is doing circuit initialization process.
-----------------------------------------------------

START!!! Simulation Start .....

-----------------------------------------------------

Finished circuit initialization process.
# run 1.00us
ISim P.20131013 (signature 0x7708f090)
WARNING: A WEBPACK license was found.
WARNING: Please use Xilinx License Configuration Manager to check out a full ISim license.
WARNING: ISim will run in Lite mode. Please refer to the ISim documentation for more information on the differences between the Lite and the Full version.
This is a Lite version of ISim.
# run 1000 ns
Simulator is doing circuit initialization process.
-----------------------------------------------------

START!!! Simulation Start .....

-----------------------------------------------------

Finished circuit initialization process.
ISim P.20131013 (signature 0x7708f090)
WARNING: A WEBPACK license was found.
WARNING: Please use Xilinx License Configuration Manager to check out a full ISim license.
WARNING: ISim will run in Lite mode. Please refer to the ISim documentation for more information on the differences between the Lite and the Full version.
This is a Lite version of ISim.
# run 1000 ns
Simulator is doing circuit initialization process.
-----------------------------------------------------

START!!! Simulation Start .....

-----------------------------------------------------

Finished circuit initialization process.
 
-----------------------------------------------------

--------------------- S U M M A R Y -----------------

Layer 0 output was fail! 

Layer 1 output was fail! 

Layer 2 output was fail! 

FAIL!!! No output data was found!! 

-----------------------------------------------------

Stopped at time : 49500 ps : File "C:/Users/Theo/Desktop/IC_Contest/107_IC_Contest_Preround/Verilog/CONV_ISE/testfixture.v" Line 267
# run 1.00us
ISim P.20131013 (signature 0x7708f090)
WARNING: A WEBPACK license was found.
WARNING: Please use Xilinx License Configuration Manager to check out a full ISim license.
WARNING: ISim will run in Lite mode. Please refer to the ISim documentation for more information on the differences between the Lite and the Full version.
This is a Lite version of ISim.
# run 1000 ns
Simulator is doing circuit initialization process.
-----------------------------------------------------

START!!! Simulation Start .....

-----------------------------------------------------

Finished circuit initialization process.
# run 1.00us
ISim P.20131013 (signature 0x7708f090)
WARNING: A WEBPACK license was found.
WARNING: Please use Xilinx License Configuration Manager to check out a full ISim license.
WARNING: ISim will run in Lite mode. Please refer to the ISim documentation for more information on the differences between the Lite and the Full version.
This is a Lite version of ISim.
# run 1000 ns
Simulator is doing circuit initialization process.
ERROR: In process CONV.vCont_67_0 
 FATAL ERROR:ISim: This application has discovered an exceptional condition from which it cannot recover. Process will terminate. To search for possible resolutions to this issue, refer to the Xilinx answer database by going to http://www.xilinx.com/support/answers/index.htm and search with keywords 'ISim' and 'FATAL ERROR'. For technical support on this issue, please open a WebCase with this project attached at http://www.xilinx.com/support.
INFO: Simulator is stopped.
ISim P.20131013 (signature 0x7708f090)
WARNING: A WEBPACK license was found.
WARNING: Please use Xilinx License Configuration Manager to check out a full ISim license.
WARNING: ISim will run in Lite mode. Please refer to the ISim documentation for more information on the differences between the Lite and the Full version.
This is a Lite version of ISim.
# run 1000 ns
Simulator is doing circuit initialization process.
-----------------------------------------------------

START!!! Simulation Start .....

-----------------------------------------------------

Finished circuit initialization process.
ISim P.20131013 (signature 0x7708f090)
WARNING: A WEBPACK license was found.
WARNING: Please use Xilinx License Configuration Manager to check out a full ISim license.
WARNING: ISim will run in Lite mode. Please refer to the ISim documentation for more information on the differences between the Lite and the Full version.
This is a Lite version of ISim.
# run 1000 ns
Simulator is doing circuit initialization process.
-----------------------------------------------------

START!!! Simulation Start .....

-----------------------------------------------------

Finished circuit initialization process.
ISim P.20131013 (signature 0x7708f090)
WARNING: A WEBPACK license was found.
WARNING: Please use Xilinx License Configuration Manager to check out a full ISim license.
WARNING: ISim will run in Lite mode. Please refer to the ISim documentation for more information on the differences between the Lite and the Full version.
This is a Lite version of ISim.
# run 1000 ns
Simulator is doing circuit initialization process.
-----------------------------------------------------

START!!! Simulation Start .....

-----------------------------------------------------

Finished circuit initialization process.
