INFO: [VRFC 10-2263] Analyzing Verilog file "C:/Users/fossu/Desktop/IC_contest/107_IC_Contest_Preround/Verilog/CONV_Vivado_Version2/CONV_Vivado_Version1.srcs/sources_1/imports/2019_grad_cell/CONV.v" into library xil_defaultlib
INFO: [VRFC 10-311] analyzing module CONV
WARNING: [VRFC 10-3380] identifier 'WBDT' is used before its declaration [C:/Users/fossu/Desktop/IC_contest/107_IC_Contest_Preround/Verilog/CONV_Vivado_Version2/CONV_Vivado_Version1.srcs/sources_1/imports/2019_grad_cell/CONV.v:110]
WARNING: [VRFC 10-3380] identifier 'WBDT' is used before its declaration [C:/Users/fossu/Desktop/IC_contest/107_IC_Contest_Preround/Verilog/CONV_Vivado_Version2/CONV_Vivado_Version1.srcs/sources_1/imports/2019_grad_cell/CONV.v:111]
WARNING: [VRFC 10-3380] identifier 'MAXP' is used before its declaration [C:/Users/fossu/Desktop/IC_contest/107_IC_Contest_Preround/Verilog/CONV_Vivado_Version2/CONV_Vivado_Version1.srcs/sources_1/imports/2019_grad_cell/CONV.v:112]
WARNING: [VRFC 10-3380] identifier 'WBD1' is used before its declaration [C:/Users/fossu/Desktop/IC_contest/107_IC_Contest_Preround/Verilog/CONV_Vivado_Version2/CONV_Vivado_Version1.srcs/sources_1/imports/2019_grad_cell/CONV.v:113]
WARNING: [VRFC 10-3380] identifier 'MAXP' is used before its declaration [C:/Users/fossu/Desktop/IC_contest/107_IC_Contest_Preround/Verilog/CONV_Vivado_Version2/CONV_Vivado_Version1.srcs/sources_1/imports/2019_grad_cell/CONV.v:114]
WARNING: [VRFC 10-3380] identifier 'WBD1' is used before its declaration [C:/Users/fossu/Desktop/IC_contest/107_IC_Contest_Preround/Verilog/CONV_Vivado_Version2/CONV_Vivado_Version1.srcs/sources_1/imports/2019_grad_cell/CONV.v:115]
WARNING: [VRFC 10-3380] identifier 'READ' is used before its declaration [C:/Users/fossu/Desktop/IC_contest/107_IC_Contest_Preround/Verilog/CONV_Vivado_Version2/CONV_Vivado_Version1.srcs/sources_1/imports/2019_grad_cell/CONV.v:117]
WARNING: [VRFC 10-3380] identifier 'WBD2' is used before its declaration [C:/Users/fossu/Desktop/IC_contest/107_IC_Contest_Preround/Verilog/CONV_Vivado_Version2/CONV_Vivado_Version1.srcs/sources_1/imports/2019_grad_cell/CONV.v:118]
WARNING: [VRFC 10-3380] identifier 'READ' is used before its declaration [C:/Users/fossu/Desktop/IC_contest/107_IC_Contest_Preround/Verilog/CONV_Vivado_Version2/CONV_Vivado_Version1.srcs/sources_1/imports/2019_grad_cell/CONV.v:119]
WARNING: [VRFC 10-3380] identifier 'WBD2' is used before its declaration [C:/Users/fossu/Desktop/IC_contest/107_IC_Contest_Preround/Verilog/CONV_Vivado_Version2/CONV_Vivado_Version1.srcs/sources_1/imports/2019_grad_cell/CONV.v:120]
WARNING: [VRFC 10-3380] identifier 'WBDT' is used before its declaration [C:/Users/fossu/Desktop/IC_contest/107_IC_Contest_Preround/Verilog/CONV_Vivado_Version2/CONV_Vivado_Version1.srcs/sources_1/imports/2019_grad_cell/CONV.v:122]
WARNING: [VRFC 10-3380] identifier 'WBD1' is used before its declaration [C:/Users/fossu/Desktop/IC_contest/107_IC_Contest_Preround/Verilog/CONV_Vivado_Version2/CONV_Vivado_Version1.srcs/sources_1/imports/2019_grad_cell/CONV.v:123]
WARNING: [VRFC 10-3380] identifier 'WBD2' is used before its declaration [C:/Users/fossu/Desktop/IC_contest/107_IC_Contest_Preround/Verilog/CONV_Vivado_Version2/CONV_Vivado_Version1.srcs/sources_1/imports/2019_grad_cell/CONV.v:124]
WARNING: [VRFC 10-3380] identifier 'LYR0' is used before its declaration [C:/Users/fossu/Desktop/IC_contest/107_IC_Contest_Preround/Verilog/CONV_Vivado_Version2/CONV_Vivado_Version1.srcs/sources_1/imports/2019_grad_cell/CONV.v:126]
WARNING: [VRFC 10-3380] identifier 'LYR1' is used before its declaration [C:/Users/fossu/Desktop/IC_contest/107_IC_Contest_Preround/Verilog/CONV_Vivado_Version2/CONV_Vivado_Version1.srcs/sources_1/imports/2019_grad_cell/CONV.v:127]
WARNING: [VRFC 10-3380] identifier 'LYR2' is used before its declaration [C:/Users/fossu/Desktop/IC_contest/107_IC_Contest_Preround/Verilog/CONV_Vivado_Version2/CONV_Vivado_Version1.srcs/sources_1/imports/2019_grad_cell/CONV.v:128]
WARNING: [VRFC 10-3380] identifier 'LYR0' is used before its declaration [C:/Users/fossu/Desktop/IC_contest/107_IC_Contest_Preround/Verilog/CONV_Vivado_Version2/CONV_Vivado_Version1.srcs/sources_1/imports/2019_grad_cell/CONV.v:130]
WARNING: [VRFC 10-3380] identifier 'WBD1' is used before its declaration [C:/Users/fossu/Desktop/IC_contest/107_IC_Contest_Preround/Verilog/CONV_Vivado_Version2/CONV_Vivado_Version1.srcs/sources_1/imports/2019_grad_cell/CONV.v:131]
WARNING: [VRFC 10-3380] identifier 'WBD2' is used before its declaration [C:/Users/fossu/Desktop/IC_contest/107_IC_Contest_Preround/Verilog/CONV_Vivado_Version2/CONV_Vivado_Version1.srcs/sources_1/imports/2019_grad_cell/CONV.v:132]
WARNING: [VRFC 10-3380] identifier 'MAXP' is used before its declaration [C:/Users/fossu/Desktop/IC_contest/107_IC_Contest_Preround/Verilog/CONV_Vivado_Version2/CONV_Vivado_Version1.srcs/sources_1/imports/2019_grad_cell/CONV.v:136]
WARNING: [VRFC 10-3380] identifier 'READ' is used before its declaration [C:/Users/fossu/Desktop/IC_contest/107_IC_Contest_Preround/Verilog/CONV_Vivado_Version2/CONV_Vivado_Version1.srcs/sources_1/imports/2019_grad_cell/CONV.v:137]
WARNING: [VRFC 10-3380] identifier 'LYR1' is used before its declaration [C:/Users/fossu/Desktop/IC_contest/107_IC_Contest_Preround/Verilog/CONV_Vivado_Version2/CONV_Vivado_Version1.srcs/sources_1/imports/2019_grad_cell/CONV.v:139]
WARNING: [VRFC 10-3380] identifier 'LYR2' is used before its declaration [C:/Users/fossu/Desktop/IC_contest/107_IC_Contest_Preround/Verilog/CONV_Vivado_Version2/CONV_Vivado_Version1.srcs/sources_1/imports/2019_grad_cell/CONV.v:140]
INFO: [VRFC 10-2263] Analyzing Verilog file "C:/Users/fossu/Desktop/IC_contest/107_IC_Contest_Preround/Verilog/CONV_Vivado_Version2/CONV_Vivado_Version1.srcs/sim_1/imports/2019_grad_cell/testfixture.v" into library xil_defaultlib
INFO: [VRFC 10-311] analyzing module testfixture
