#######################################################################################
# log primitive debug message of FSDB dumping                                         #
# This is for R&D to analyze when there are issues happening when FSDB dump           #
#######################################################################################
ANF: vcsd_get_serial_mode_status('simv: undefined symbol: vcsd_get_serial_mode_status')
ANF: vcsd_enable_sva_success_callback('simv: undefined symbol: vcsd_enable_sva_success_callback')
ANF: vcsd_disable_sva_success_callback('simv: undefined symbol: vcsd_disable_sva_success_callback')
ANF: vcsd_get_power_scope_name('simv: undefined symbol: vcsd_get_power_scope_name')
ANF: vcsd_dump_var_vpdg('simv: undefined symbol: vcsd_dump_var_vpdg')
ANF: vcsd_begin_no_value_var_info('simv: undefined symbol: vcsd_begin_no_value_var_info')
ANF: vcsd_end_no_value_var_info('simv: undefined symbol: vcsd_end_no_value_var_info')
ANF: vcsd_remove_xprop_merge_mode_callback('simv: undefined symbol: vcsd_remove_xprop_merge_mode_callback')
ANF: vhpi_get_cb_info('simv: undefined symbol: vhpi_get_cb_info')
ANF: vhpi_free_handle('simv: undefined symbol: vhpi_free_handle')
ANF: vhpi_fetch_vcsd_handle('simv: undefined symbol: vhpi_fetch_vcsd_handle')
ANF: vhpi_fetch_vpi_handle('simv: undefined symbol: vhpi_fetch_vpi_handle')
ANF: vhpi_has_verilog_parent('simv: undefined symbol: vhpi_has_verilog_parent')
ANF: vhpi_is_verilog_scope('simv: undefined symbol: vhpi_is_verilog_scope')
ANF: scsd_xprop_is_enabled('simv: undefined symbol: scsd_xprop_is_enabled')
ANF: scsd_xprop_sig_is_promoted('simv: undefined symbol: scsd_xprop_sig_is_promoted')
ANF: scsd_xprop_int_xvalue('simv: undefined symbol: scsd_xprop_int_xvalue')
ANF: scsd_xprop_bool_xvalue('simv: undefined symbol: scsd_xprop_bool_xvalue')
ANF: scsd_xprop_enum_xvalue('simv: undefined symbol: scsd_xprop_enum_xvalue')
ANF: scsd_xprop_register_merge_mode_cb('simv: undefined symbol: scsd_xprop_register_merge_mode_cb')
ANF: scsd_xprop_delete_merge_mode_cb('simv: undefined symbol: scsd_xprop_delete_merge_mode_cb')
ANF: scsd_xprop_get_merge_mode('simv: undefined symbol: scsd_xprop_get_merge_mode')
ANF: scsd_thread_get_info('simv: undefined symbol: scsd_thread_get_info')
ANF: scsd_thread_vc_init('simv: undefined symbol: scsd_thread_vc_init')
ANF: scsd_master_set_delta_sync_cbk('simv: undefined symbol: scsd_master_set_delta_sync_cbk')
ANF: scsd_fgp_get_fsdb_cores('simv: undefined symbol: scsd_fgp_get_fsdb_cores')
ANF: scsd_fgp_get_is_cpu_affinity_disabled('simv: undefined symbol: scsd_fgp_get_is_cpu_affinity_disabled')
ANF: vdi_dt_get_vlog_variant_size_array_info('simv: undefined symbol: vdi_dt_get_vlog_variant_size_array_info')
ANF: vhdi_dt_get_type('simv: undefined symbol: vhdi_dt_get_type')
ANF: vhdi_dt_get_key('simv: undefined symbol: vhdi_dt_get_key')
ANF: vhdi_dt_get_vhdl_enum_info('simv: undefined symbol: vhdi_dt_get_vhdl_enum_info')
ANF: vhdi_dt_get_vhdl_physical_info('simv: undefined symbol: vhdi_dt_get_vhdl_physical_info')
ANF: vhdi_dt_get_vhdl_array_info('simv: undefined symbol: vhdi_dt_get_vhdl_array_info')
ANF: vhdi_dt_get_vhdl_record_info('simv: undefined symbol: vhdi_dt_get_vhdl_record_info')
ANF: vhdi_dt_get_vhdl_integer_range_info('simv: undefined symbol: vhdi_dt_get_vhdl_integer_range_info')
ANF: vhdi_def_traverse_module('simv: undefined symbol: vhdi_def_traverse_module')
ANF: vhdi_def_traverse_scope('simv: undefined symbol: vhdi_def_traverse_scope')
ANF: vhdi_def_traverse_variable('simv: undefined symbol: vhdi_def_traverse_variable')
ANF: vhdi_def_get_module_id_by_vhpi('simv: undefined symbol: vhdi_def_get_module_id_by_vhpi')
ANF: vhdi_def_get_handle_by_module_id('simv: undefined symbol: vhdi_def_get_handle_by_module_id')
ANF: vhdi_def_get_variable_info_by_vhpi('simv: undefined symbol: vhdi_def_get_variable_info_by_vhpi')
ANF: vhdi_def_free('simv: undefined symbol: vhdi_def_free')
ANF: vhdi_ist_traverse_scope('simv: undefined symbol: vhdi_ist_traverse_scope')
ANF: vhdi_ist_traverse_variable('simv: undefined symbol: vhdi_ist_traverse_variable')
ANF: vhdi_ist_convert_by_vhpi('simv: undefined symbol: vhdi_ist_convert_by_vhpi')
ANF: vhdi_ist_clone('simv: undefined symbol: vhdi_ist_clone')
ANF: vhdi_ist_free('simv: undefined symbol: vhdi_ist_free')
ANF: vhdi_ist_hash_key('simv: undefined symbol: vhdi_ist_hash_key')
ANF: vhdi_ist_compare('simv: undefined symbol: vhdi_ist_compare')
ANF: vhdi_ist_get_value_addr('simv: undefined symbol: vhdi_ist_get_value_addr')
ANF: vhdi_set_scsd_callback('simv: undefined symbol: vhdi_set_scsd_callback')
ANF: vhdi_cbk_set_force_callback('simv: undefined symbol: vhdi_cbk_set_force_callback')
ANF: vhdi_trigger_init_force('simv: undefined symbol: vhdi_trigger_init_force')
ANF: vhdi_ist_check_scsd_callback('simv: undefined symbol: vhdi_ist_check_scsd_callback')
ANF: vhdi_ist_add_scsd_callback('simv: undefined symbol: vhdi_ist_add_scsd_callback')
ANF: vhdi_ist_remove_scsd_callback('simv: undefined symbol: vhdi_ist_remove_scsd_callback')
ANF: vhdi_ist_get_scsd_user_data('simv: undefined symbol: vhdi_ist_get_scsd_user_data')
ANF: vhdi_add_time_change_callback('simv: undefined symbol: vhdi_add_time_change_callback')
ANF: vhdi_get_real_value_by_value_addr('simv: undefined symbol: vhdi_get_real_value_by_value_addr')
ANF: vhdi_get_64_value_by_value_addr('simv: undefined symbol: vhdi_get_64_value_by_value_addr')
ANF: vhdi_xprop_inst_is_promoted('simv: undefined symbol: vhdi_xprop_inst_is_promoted')
ANF: vdi_ist_convert_by_vhdi('simv: undefined symbol: vdi_ist_convert_by_vhdi')
ANF: vhdi_ist_get_module_id('simv: undefined symbol: vhdi_ist_get_module_id')
ANF: vhdi_refine_foreign_scope_type('simv: undefined symbol: vhdi_refine_foreign_scope_type')
ANF: vhdi_flush_callback('simv: undefined symbol: vhdi_flush_callback')
ANF: vhdi_set_orig_name('simv: undefined symbol: vhdi_set_orig_name')
ANF: vhdi_set_dump_pt('simv: undefined symbol: vhdi_set_dump_pt')
ANF: vhdi_set_int_subtype('simv: undefined symbol: vhdi_set_int_subtype')
ANF: vhdi_set_fixed_point('simv: undefined symbol: vhdi_set_fixed_point')
ANF: vhdi_get_fsdb_option('simv: undefined symbol: vhdi_get_fsdb_option')
ANF: vhdi_fgp_get_mode('simv: undefined symbol: vhdi_fgp_get_mode')
ANF: vhdi_node_register_composite_var('simv: undefined symbol: vhdi_node_register_composite_var')
ANF: vhdi_node_analysis('simv: undefined symbol: vhdi_node_analysis')
ANF: vhdi_node_id('simv: undefined symbol: vhdi_node_id')
ANF: vhdi_node_ist_check_scsd_callback('simv: undefined symbol: vhdi_node_ist_check_scsd_callback')
ANF: vhdi_node_ist_add_scsd_callback('simv: undefined symbol: vhdi_node_ist_add_scsd_callback')
ANF: vhdi_node_ist_get_value_addr('simv: undefined symbol: vhdi_node_ist_get_value_addr')
ANF: vhdi_enc_def_traverse_module('simv: undefined symbol: vhdi_enc_def_traverse_module')
ANF: vhdi_enc_def_traverse_scope('simv: undefined symbol: vhdi_enc_def_traverse_scope')
ANF: vhdi_enc_def_traverse_variable('simv: undefined symbol: vhdi_enc_def_traverse_variable')
ANF: vhdi_enc_ist_traverse_scope('simv: undefined symbol: vhdi_enc_ist_traverse_scope')
ANF: vhdi_enc_ist_traverse_variable('simv: undefined symbol: vhdi_enc_ist_traverse_variable')
ANF: vhdi_enc_ist_get_module_id('simv: undefined symbol: vhdi_enc_ist_get_module_id')
ANF: vhdi_enc_def_get_handle_by_module_id('simv: undefined symbol: vhdi_enc_def_get_handle_by_module_id')
VCS compile option:
 option[0]: simv
 option[1]: +define+USECOLOR+SDF
 option[2]: +access+r
 option[3]: +fsdb+mda
 option[4]: +fsdbfile+SME.fsdb
 option[5]: +maxdelays
 option[6]: -a
 option[7]: run_gate.log
 option[8]: /usr/cad/synopsys/vcs/2023.12/linux/bin/vcs1
 option[9]: -Mcc=gcc
 option[10]: -Mcplusplus=g++
 option[11]: -Masflags=--32
 option[12]: -Mcfl= -pipe -m32 -O -I/usr/cad/synopsys/vcs/2023.12/include 
 option[13]: -Mxllcflags=
 option[14]: -Mxcflags= -pipe -m32 -I/usr/cad/synopsys/vcs/2023.12/include
 option[15]: -Mldflags= -m32 -m32 -rdynamic 
 option[16]: -Mout=simv
 option[17]: -Mamsrun=
 option[18]: -Mvcsaceobjs=
 option[19]: -Mobjects= /usr/cad/synopsys/vcs/2023.12/linux/lib/libvirsim.so /usr/cad/synopsys/vcs/2023.12/linux/lib/liberrorinf.so /usr/cad/synopsys/vcs/2023.12/linux/lib/libsnpsmalloc.so /usr/cad/synopsys/vcs/2023.12/linux/lib/libvfs.so 
 option[20]: -Mexternalobj=
 option[21]: -Msaverestoreobj=/usr/cad/synopsys/vcs/2023.12/linux/lib/vcs_save_restore_new.o
 option[22]: -Mcrt0=
 option[23]: -Mcrtn=
 option[24]: -Mcsrc=
 option[25]: -Msyslibs=/usr/cad/synopsys/verdi/2023.12/share/PLI/VCS/LINUX/pli.a /usr/cad/synopsys/vcs/2023.12/linux/lib/ctype-stubs_32.a -ldl 
 option[26]: -l
 option[27]: run_gate.log
 option[28]: -Xvcs_run_simv=1
 option[29]: +define+USECOLOR+SDF
 option[30]: +access+r
 option[31]: -debug_access
 option[32]: +vpi
 option[33]: +vcsd1
 option[34]: +itf+/usr/cad/synopsys/vcs/2023.12/linux/lib/vcsdp_lite.tab
 option[35]: +vcs+fsdbon
 option[36]: +fsdb+mda
 option[37]: +fsdbfile+SME.fsdb
 option[38]: +maxdelays
 option[39]: -picarchive
 option[40]: -P
 option[41]: /usr/cad/synopsys/verdi/2023.12/share/PLI/VCS/LINUX/verdi.tab
 option[42]: -fsdb
 option[43]: -sverilog
 option[44]: -gen_obj
 option[45]: tb.sv
 option[46]: SME_syn.v
 option[47]: -v
 option[48]: /cad/CBDK/CBDK_IC_Contest_v2.5/Verilog/tsmc13_neg.v
 option[49]: -load
 option[50]: /usr/cad/synopsys/verdi/2023.12/share/PLI/VCS/LINUX/libnovas.so:FSDBDumpCmd
Chronologic Simulation VCS Release V-2023.12
Linux 4.18.0-535.el8.x86_64 #1 SMP Sun Jan 14 23:40:17 UTC 2024 x86_64
CPU cores: 20
Limit information:
======================================
cputime		unlimited
filesize		unlimited
datasize		unlimited
stacksize		8192 kbytes
coredumpsize		0 kbytes
memoryuse		unlimited
vmemoryuse		unlimited
descriptors		262144
memorylocked		64 kbytes
maxproc		254690
======================================
(Special)Runtime environment variables:

Cannot get runtime environment variables: environ is NULL
Runtime command line arguments:
argv[0]=simv
argv[1]=+define+USECOLOR+SDF
argv[2]=+access+r
argv[3]=+fsdb+mda
argv[4]=+fsdbfile+SME.fsdb
argv[5]=+maxdelays
argv[6]=-a
argv[7]=run_gate.log
168 profile - 100
          CPU/Mem usage: 0.050 sys,  0.130 user,  193.81M mem
169 Elapsed time:    0:00:00    Fri Mar  8 20:20:13 2024
170 User CPU time used: 0 seconds
171 System CPU time used: 0 seconds
172 pliAppInit
173 [SC]Init: MemoryConsumed=0.00MB ElapsedTime=0hour 0min. 0sec.
174 FSDB_GATE is set.
175 FSDB_RTL is set.
176 FSDB_PACKED_MODE is enabled.
177 FSDB_GATE_PACKED is enabled.
178 FSDB_ALIAS_ARRAY_ELEM is set to 4294967295.
179 Enable Parallel Dumping.
180 pliAppMiscSet: New Sim Round
181 pliEntryInit
182 LIBSSCORE=found /usr/cad/synopsys/verdi/2023.12/share/PLI/lib/LINUX/libsscore_vcs202312.so through $NOVAS_HOME setting.
183 FSDB Dumper for VCS, Release Verdi_V-2023.12, Linux, 11/15/2023
184 (C) 1996 - 2023 by Synopsys, Inc.
185 DVDI_is_vir_unload_enabled is enable
186 FSDB_VCS_ENABLE_VC_TIME_CB is enable
187 sps_call_fsdbDumpvars_vd_main at 0 : Unknown source file(0)
188 *Verdi* FSDB WARNING: The FSDB file already exists. Overwriting the FSDB file may crash the programs that are using this file.
189 *Verdi* : Create FSDB file 'SME.fsdb'
190 [spi_vcs_vd_ppi_create_root]: no upf option
191 compile option from '/home/merg112/m11202141/IC_Contest/108_IC_Contest_Preround/verilog_version1/simv.daidir/vcs_rebuild'.
192   "vcs '-R' '-sverilog' 'tb.sv' 'SME_syn.v' '+define+USECOLOR+SDF' '+access+r' '+vcs+fsdbon' '+fsdb+mda' '+fsdbfile+SME.fsdb' '-v' '/cad/CBDK/CBDK_IC_Contest_v2.5/Verilog/tsmc13_neg.v' '+maxdelays' '-l' 'run_gate.log' 2>&1"
193 *Verdi* : Begin traversing the scopes, layer (0).
194 *Verdi* : Enable +mda dumping.
195 *Verdi* : End of traversing.
196 pliAppHDL_DumpVarComplete traverse var: profile - 
          CPU/Mem usage: 0.050 sys,  0.140 user,  289.87M mem
                   incr: 0.000 sys,  0.010 user,  7.71M mem
                   accu: 0.000 sys,  0.010 user,  7.71M mem
              accu incr: 0.000 sys,  0.010 user,  7.71M mem

          Count usage: 1392 var,  1463 idcode,  1433 callback
                 incr: 1392 var,  1463 idcode,  1433 callback
                 accu: 1392 var,  1463 idcode,  1433 callback
            accu incr: 1392 var,  1463 idcode,  1433 callback
197 Elapsed time:    0:00:00    Fri Mar  8 20:20:13 2024
198 User CPU time used: 0 seconds
199 System CPU time used: 0 seconds
200 pliAppHDL_DumpVarComplete: profile - 
          CPU/Mem usage: 0.050 sys,  0.140 user,  290.92M mem
                   incr: 0.000 sys,  0.000 user,  1.05M mem
                   accu: 0.000 sys,  0.010 user,  8.77M mem
              accu incr: 0.000 sys,  0.000 user,  1.05M mem

          Count usage: 1392 var,  1463 idcode,  1433 callback
                 incr: 0 var,  0 idcode,  0 callback
                 accu: 1392 var,  1463 idcode,  1433 callback
            accu incr: 0 var,  0 idcode,  0 callback
201 Elapsed time:    0:00:00    Fri Mar  8 20:20:13 2024
202 User CPU time used: 0 seconds
203 System CPU time used: 0 seconds
204 sps_call_fsdbDumpfile_main at 0 : tb.sv(42)
205 argv[0]: (SME.fsdb)
206 sps_call_fsdbDumpvars_vd_main at 0 : tb.sv(43)
207 *Verdi* : Begin traversing the scopes, layer (0).
208 *Verdi* : Enable +mda dumping.
209 *Verdi* : End of traversing.
210 pliAppHDL_DumpVarComplete traverse var: profile - 
          CPU/Mem usage: 0.050 sys,  0.140 user,  290.92M mem
                   incr: 0.000 sys,  0.000 user,  0.00M mem
                   accu: 0.000 sys,  0.000 user,  0.00M mem
              accu incr: 0.000 sys,  0.000 user,  0.00M mem

          Count usage: 2784 var,  1463 idcode,  1433 callback
                 incr: 1392 var,  0 idcode,  0 callback
                 accu: 1392 var,  0 idcode,  0 callback
            accu incr: 1392 var,  0 idcode,  0 callback
211 Elapsed time:    0:00:00    Fri Mar  8 20:20:13 2024
212 User CPU time used: 0 seconds
213 System CPU time used: 0 seconds
214 pliAppHDL_DumpVarComplete: profile - 
          CPU/Mem usage: 0.050 sys,  0.140 user,  290.92M mem
                   incr: 0.000 sys,  0.000 user,  0.00M mem
                   accu: 0.000 sys,  0.000 user,  0.00M mem
              accu incr: 0.000 sys,  0.000 user,  0.00M mem

          Count usage: 2784 var,  1463 idcode,  1433 callback
                 incr: 0 var,  0 idcode,  0 callback
                 accu: 1392 var,  0 idcode,  0 callback
            accu incr: 0 var,  0 idcode,  0 callback
215 Elapsed time:    0:00:00    Fri Mar  8 20:20:13 2024
216 User CPU time used: 0 seconds
217 System CPU time used: 0 seconds
218 sps_call_fsdbDumpMDA_vd_main at 0 : tb.sv(44)
219 *Verdi* : Begin traversing the MDAs, layer (0).
220 *Verdi* : Enable +mda and +packedmda dumping.
221 *Verdi* : End of traversing the MDAs.
222 pliAppHDL_DumpVarComplete traverse var: profile - 
          CPU/Mem usage: 0.050 sys,  0.140 user,  290.92M mem
                   incr: 0.000 sys,  0.000 user,  0.00M mem
                   accu: 0.000 sys,  0.000 user,  0.00M mem
              accu incr: 0.000 sys,  0.000 user,  0.00M mem

          Count usage: 2784 var,  1463 idcode,  1433 callback
                 incr: 0 var,  0 idcode,  0 callback
                 accu: 0 var,  0 idcode,  0 callback
            accu incr: 0 var,  0 idcode,  0 callback
223 Elapsed time:    0:00:00    Fri Mar  8 20:20:13 2024
224 User CPU time used: 0 seconds
225 System CPU time used: 0 seconds
226 pliAppHDL_DumpVarComplete: profile - 
          CPU/Mem usage: 0.050 sys,  0.140 user,  290.92M mem
                   incr: 0.000 sys,  0.000 user,  0.00M mem
                   accu: 0.000 sys,  0.000 user,  0.00M mem
              accu incr: 0.000 sys,  0.000 user,  0.00M mem

          Count usage: 2784 var,  1463 idcode,  1433 callback
                 incr: 0 var,  0 idcode,  0 callback
                 accu: 0 var,  0 idcode,  0 callback
            accu incr: 0 var,  0 idcode,  0 callback
227 Elapsed time:    0:00:00    Fri Mar  8 20:20:13 2024
228 User CPU time used: 0 seconds
229 System CPU time used: 0 seconds
230 End of simulation at 78660000
231 Memory usage: 301.416 M
232 Maximum resident set size: 144 MB
233 Hard page faults: 0
234 Soft page faults: 44932
235 Elapsed time:    0:00:00    Fri Mar  8 20:20:13 2024
236 User CPU time used: 0 seconds
237 System CPU time used: 0 seconds
238 Begin FSDB profile info:
239 FSDB Writer : bc1(205314) bcn(4879) mtf/stf(0/0)
FSDB Writer elapsed time : flush(0.022874) io wait(0.000000) theadpool wait(0.000000)
FSDB Writer cpu time : MT Compression : 0
240 End FSDB profile info
241 FSDB closed. Name: SME.fsdb Size: 549756086266
242 Parallel profile     - ProducerThread:1 ConsumerThread:1 Buffer:64MB
243                      - BlockUsed:3 Acquire:0 BufferUsed:3595534
244                      - Flush:5 Expand:0 ProducerWait:0 ConsumerWait:1
245                      - MainProducerTime:0.238438368 TotalConsumerTime:0.010936767
246                      - ElapsedTime:0.170502000
247 Producer   0 profile - BlockUsed:3 Acquire:0 BufferUsed:3595534
248 Consumer   0 profile - Affinity:-1 CPUTime:0.010936767 LifeTime:0.013829276 (0.79%)
249                      - BlockUsed:3 Acquire:0 BufferUsed:3595534
250 SimExit
251 Elapsed time:    0:00:01    Fri Mar  8 20:20:14 2024
252 User CPU time used: 0 seconds
253 System CPU time used: 0 seconds
254 Sim process exit
