INFO: [VRFC 10-2263] Analyzing Verilog file "E:/Projects/IC 競賽/109_IC_Contest_Preround/Verilog/Geofence/Geofence.srcs/sources_1/imports/2021_grad_cell/geofence.v" into library xil_defaultlib
INFO: [VRFC 10-311] analyzing module geofence
ERROR: [VRFC 10-2989] 'CLK' is not declared [E:/Projects/IC 競賽/109_IC_Contest_Preround/Verilog/Geofence/Geofence.srcs/sources_1/imports/2021_grad_cell/geofence.v:50]
ERROR: [VRFC 10-2989] 'RST' is not declared [E:/Projects/IC 競賽/109_IC_Contest_Preround/Verilog/Geofence/Geofence.srcs/sources_1/imports/2021_grad_cell/geofence.v:51]
ERROR: [VRFC 10-2989] 'OVER' is not declared [E:/Projects/IC 競賽/109_IC_Contest_Preround/Verilog/Geofence/Geofence.srcs/sources_1/imports/2021_grad_cell/geofence.v:106]
ERROR: [VRFC 10-2989] 'CLK' is not declared [E:/Projects/IC 競賽/109_IC_Contest_Preround/Verilog/Geofence/Geofence.srcs/sources_1/imports/2021_grad_cell/geofence.v:115]
ERROR: [VRFC 10-3161] cannot assign to memory 'x_pos' directly [E:/Projects/IC 競賽/109_IC_Contest_Preround/Verilog/Geofence/Geofence.srcs/sources_1/imports/2021_grad_cell/geofence.v:122]
ERROR: [VRFC 10-395] cannot assign a packed type to an unpacked type [E:/Projects/IC 競賽/109_IC_Contest_Preround/Verilog/Geofence/Geofence.srcs/sources_1/imports/2021_grad_cell/geofence.v:122]
ERROR: [VRFC 10-9468] unpacked value/target cannot be used in an assignment [E:/Projects/IC 競賽/109_IC_Contest_Preround/Verilog/Geofence/Geofence.srcs/sources_1/imports/2021_grad_cell/geofence.v:122]
ERROR: [VRFC 10-3161] cannot assign to memory 'y_pos' directly [E:/Projects/IC 競賽/109_IC_Contest_Preround/Verilog/Geofence/Geofence.srcs/sources_1/imports/2021_grad_cell/geofence.v:123]
ERROR: [VRFC 10-395] cannot assign a packed type to an unpacked type [E:/Projects/IC 競賽/109_IC_Contest_Preround/Verilog/Geofence/Geofence.srcs/sources_1/imports/2021_grad_cell/geofence.v:123]
ERROR: [VRFC 10-9468] unpacked value/target cannot be used in an assignment [E:/Projects/IC 競賽/109_IC_Contest_Preround/Verilog/Geofence/Geofence.srcs/sources_1/imports/2021_grad_cell/geofence.v:123]
ERROR: [VRFC 10-3161] cannot assign to memory 'r_dis' directly [E:/Projects/IC 競賽/109_IC_Contest_Preround/Verilog/Geofence/Geofence.srcs/sources_1/imports/2021_grad_cell/geofence.v:124]
ERROR: [VRFC 10-395] cannot assign a packed type to an unpacked type [E:/Projects/IC 競賽/109_IC_Contest_Preround/Verilog/Geofence/Geofence.srcs/sources_1/imports/2021_grad_cell/geofence.v:124]
ERROR: [VRFC 10-9468] unpacked value/target cannot be used in an assignment [E:/Projects/IC 競賽/109_IC_Contest_Preround/Verilog/Geofence/Geofence.srcs/sources_1/imports/2021_grad_cell/geofence.v:124]
ERROR: [VRFC 10-3161] cannot assign to memory 'vectorX' directly [E:/Projects/IC 競賽/109_IC_Contest_Preround/Verilog/Geofence/Geofence.srcs/sources_1/imports/2021_grad_cell/geofence.v:125]
ERROR: [VRFC 10-395] cannot assign a packed type to an unpacked type [E:/Projects/IC 競賽/109_IC_Contest_Preround/Verilog/Geofence/Geofence.srcs/sources_1/imports/2021_grad_cell/geofence.v:125]
ERROR: [VRFC 10-9468] unpacked value/target cannot be used in an assignment [E:/Projects/IC 競賽/109_IC_Contest_Preround/Verilog/Geofence/Geofence.srcs/sources_1/imports/2021_grad_cell/geofence.v:125]
ERROR: [VRFC 10-3161] cannot assign to memory 'vectorY' directly [E:/Projects/IC 競賽/109_IC_Contest_Preround/Verilog/Geofence/Geofence.srcs/sources_1/imports/2021_grad_cell/geofence.v:126]
ERROR: [VRFC 10-395] cannot assign a packed type to an unpacked type [E:/Projects/IC 競賽/109_IC_Contest_Preround/Verilog/Geofence/Geofence.srcs/sources_1/imports/2021_grad_cell/geofence.v:126]
ERROR: [VRFC 10-9468] unpacked value/target cannot be used in an assignment [E:/Projects/IC 競賽/109_IC_Contest_Preround/Verilog/Geofence/Geofence.srcs/sources_1/imports/2021_grad_cell/geofence.v:126]
INFO: [#UNDEF] Sorry, too many errors..
