 
****************************************
Report : area
Design : geofence
Version: U-2022.12-SP6
Date   : Fri Feb 23 12:52:15 2024
****************************************

Library(s) Used:

    slow (File: /cad/CBDK/CBDK_IC_Contest_v2.5/SynopsysDC/db/slow.db)

Number of ports:                         1871
Number of nets:                          8687
Number of cells:                         5892
Number of combinational cells:           5342
Number of sequential cells:               474
Number of macros/black boxes:               0
Number of buf/inv:                        858
Number of references:                      94

Combinational area:              73107.018721
Buf/Inv area:                     3995.679532
Noncombinational area:           11914.050661
Macro/Black Box area:                0.000000
Net Interconnect area:          778357.237701

Total cell area:                 85021.069382
Total area:                     863378.307084
1
