 
****************************************
Report : area
Design : LASER
Version: U-2022.12-SP6
Date   : Sun Jan 21 16:19:16 2024
****************************************

Information: Updating design information... (UID-85)
Library(s) Used:

    slow (File: /cad/CBDK/CBDK_IC_Contest_v2.5/SynopsysDC/db/slow.db)

Number of ports:                           27
Number of nets:                          2796
Number of cells:                         2746
Number of combinational cells:           2168
Number of sequential cells:               578
Number of macros/black boxes:               0
Number of buf/inv:                        287
Number of references:                     132

Combinational area:              19791.684048
Buf/Inv area:                     2121.750010
Noncombinational area:           15045.753826
Macro/Black Box area:                0.000000
Net Interconnect area:      undefined  (No wire load specified)

Total cell area:                 34837.437874
Total area:                 undefined
1
