 
****************************************
Report : timing
        -path full
        -delay max
        -max_paths 1
Design : LASER
Version: U-2022.12-SP6
Date   : Sun Jan 21 16:19:16 2024
****************************************

Operating Conditions: slow   Library: slow
Wire Load Model Mode: top

  Startpoint: C1X_reg[1] (rising edge-triggered flip-flop)
  Endpoint: C1X[1] (output port)
  Path Group: (none)
  Path Type: max

  Point                                    Incr       Path
  -----------------------------------------------------------
  C1X_reg[1]/CK (DFFQX1)                   0.00       0.00 r
  C1X_reg[1]/Q (DFFQX1)                    0.36       0.36 r
  U4486/Y (CLKINVX1)                       0.28       0.64 f
  U4485/Y (INVX12)                         0.06       0.71 r
  C1X[1] (out)                             0.00       0.71 r
  data arrival time                                   0.71
  -----------------------------------------------------------
  (Path is unconstrained)


1
