 
****************************************
Report : area
Design : JAM
Version: S-2021.06-SP1
Date   : Thu Feb  1 01:58:13 2024
****************************************

Library(s) Used:

    slow (File: /cad/CBDK/CBDK_IC_Contest_v2.5/SynopsysDC/db/slow.db)

Number of ports:                           94
Number of nets:                           824
Number of cells:                          708
Number of combinational cells:            590
Number of sequential cells:               115
Number of macros/black boxes:               0
Number of buf/inv:                        114
Number of references:                      43

Combinational area:               4937.736581
Buf/Inv area:                      387.007194
Noncombinational area:            3085.873224
Macro/Black Box area:                0.000000
Net Interconnect area:      undefined  (No wire load specified)

Total cell area:                  8023.609806
Total area:                 undefined
1
