#######################################################################################
# fsdb.xxxxx.log : log primitive debug message of FSDB Reader
# This is for R&D to analyze when there are issues happening when FSDB reading
# The corresponding FSDB file is /home/merg112/m11202141/IC_Contest/108_IC_Contest_Preround/verilog_version1/SME.fsdb
#######################################################################################
[BASIC]Reader version : Chronologic Simulation VCS Release V-2023.12
[BASIC]simulator version : Chronologic Simulation VCS Release V-2023.12
[BASIC]dumper version : FSDB Dumper for VCS, Release Verdi_V-2023.12, Linux, 11/15/2023
[THREAD]The MTR thread count is 7
[THREAD]Secondary thread count: 3
[PERF]VC decompress count : 0
[PERF]VCChain decompress count : 1
[PERF]VC decompress count : 0
[PERF]VCChain decompress count : 1
[PERF]VC decompress count : 0
[PERF]VCChain decompress count : 1
[PERF]VC decompress count : 0
[PERF]VCChain decompress count : 1
[PERF]VC decompress count : 0
[PERF]VCChain decompress count : 1
[PERF]VC decompress count : 0
[PERF]VCChain decompress count : 1
[READSCOPE]ReadScopeTree calling time is 1
[READSCOPE]ReadScope_PartialLoad calling time is 0
[READSCOPE]Scope read by partial load count is 0
[READSCOPE]Scope read count is 4
[READSCOPE]Decompressed blk is 3
[MAXCHAIN]Decompressed cnt 1
[PERF]VC decompress count : 0
[PERF]VCChain decompress count : 1
[FSDBGate Info] start
[FSDBGate Info] Total fhdb_compute_count = 70
[FSDBGate Info] end
