Command line:
   LASER_isim_beh.exe
     -simmode  gui
     -simrunnum  0
     -socket  54537

Mon Jan 22 16:15:08 2024


 Elaboration Time: 0.09375 sec

 Current Memory Usage: 5155.24 Meg

 Total Signals          : 29
 Total Nets             : 111
 Total Signal Drivers   : 22
 Total Blocks           : 2
 Total Primitive Blocks : 2
 Total Processes        : 27
 Total Traceable Variables  : 50
 Total Scalar Nets and Variables : 1317
Total Line Count : 240

 Total Simulation Time: 0.203125 sec

 Current Memory Usage: 5155.24 Meg

Mon Jan 22 16:15:23 2024

